[job] started 2026-02-09T06:19:58Z
[heartbeat] done=0/64 failed=0 pct=0.0% elapsed=3.8s
[done] wrote outputs/joint_transfer_bias_fit_full_20260209_061958UTC/tables/summary.json
[job] finished 2026-02-09T06:20:08Z
4:22016
[chunk] done i=4 span=2048:2560
[chunk] done i=16 span=8192:8704
[chunk] done i=30 span=15360:15872
[chunk] done i=3 span=1536:2048
[chunk] done i=24 span=12288:12800
[chunk] done i=35 span=17920:18432
[chunk] done i=44 span=22528:23040
[chunk] done i=39 span=19968:20480
[chunk] done i=41 span=20992:21504
[chunk] done i=47 span=24064:24576
[chunk] done i=46 span=23552:24064
[chunk] done i=0 span=0:512
[chunk] done i=28 span=14336:14848
[chunk] done i=34 span=17408:17920
[chunk] done i=5 span=2560:3072
[chunk] done i=40 span=20480:20992
[chunk] done i=17 span=8704:9216
[chunk] done i=33 span=16896:17408
[chunk] done i=11 span=5632:6144
[chunk] done i=23 span=11776:12288
[chunk] done i=38 span=19456:19968
[chunk] done i=13 span=6656:7168
[chunk] done i=20 span=10240:10752
[chunk] done i=21 span=10752:11264
[chunk] done i=10 span=5120:5632
[chunk] done i=9 span=4608:5120
[chunk] done i=37 span=18944:19456
[chunk] done i=43 span=22016:22528
[chunk] done i=8 span=4096:4608
[chunk] done i=32 span=16384:16896
[chunk] done i=14 span=7168:7680
[chunk] done i=18 span=9216:9728
[chunk] done i=25 span=12800:13312
[chunk] done i=27 span=13824:14336
[chunk] done i=12 span=6144:6656
[chunk] done i=45 span=23040:23552
[chunk] done i=26 span=13312:13824
[chunk] done i=22 span=11264:11776
[chunk] done i=29 span=14848:15360
[chunk] done i=19 span=9728:10240
[chunk] done i=1 span=512:1024
[chunk] done i=2 span=1024:1536
[chunk] done i=15 span=7680:8192
[chunk] done i=31 span=15872:16384
[chunk] done i=6 span=3072:3584
[chunk] done i=7 span=3584:4096
[chunk] done i=60 span=30720:31232
[chunk] done i=63 span=32256:32768
[chunk] done i=48 span=24576:25088
[chunk] done i=49 span=25088:25600
[chunk] done i=51 span=26112:26624
[chunk] done i=59 span=30208:30720
[chunk] done i=57 span=29184:29696
[chunk] done i=58 span=29696:30208
[chunk] done i=53 span=27136:27648
[chunk] done i=54 span=27648:28160
[chunk] done i=62 span=31744:32256
[chunk] done i=50 span=25600:26112
[chunk] done i=52 span=26624:27136
[chunk] done i=56 span=28672:29184
[chunk] done i=61 span=31232:31744
[chunk] done i=55 span=28160:28672
[done] utc=2026-02-09T06:20:07Z summary=outputs/joint_transfer_bias_fit_full_20260209_061958UTC/tables/summary.json
