[sweep] start utc=2026-02-09T06:18:32Z n_cases=45
[sweep] run M0_start101__hb-0p0030__lb-0p250
[sweep] done M0_start101__hb-0p0030__lb-0p250
[sweep] run M0_start101__hb-0p0030__lb+0p000
[sweep] done M0_start101__hb-0p0030__lb+0p000
[sweep] run M0_start101__hb-0p0030__lb+0p250
[sweep] done M0_start101__hb-0p0030__lb+0p250
[sweep] run M0_start101__hb+0p0000__lb-0p250
[sweep] done M0_start101__hb+0p0000__lb-0p250
[sweep] run M0_start101__hb+0p0000__lb+0p000
[sweep] done M0_start101__hb+0p0000__lb+0p000
[sweep] run M0_start101__hb+0p0000__lb+0p250
[sweep] done M0_start101__hb+0p0000__lb+0p250
[sweep] run M0_start101__hb+0p0030__lb-0p250
[sweep] done M0_start101__hb+0p0030__lb-0p250
[sweep] run M0_start101__hb+0p0030__lb+0p000
[sweep] done M0_start101__hb+0p0030__lb+0p000
[sweep] run M0_start101__hb+0p0030__lb+0p250
[sweep] done M0_start101__hb+0p0030__lb+0p250
[sweep] run M0_start202__hb-0p0030__lb-0p250
[sweep] done M0_start202__hb-0p0030__lb-0p250
[sweep] run M0_start202__hb-0p0030__lb+0p000
[sweep] done M0_start202__hb-0p0030__lb+0p000
[sweep] run M0_start202__hb-0p0030__lb+0p250
[sweep] done M0_start202__hb-0p0030__lb+0p250
[sweep] run M0_start202__hb+0p0000__lb-0p250
[sweep] done M0_start202__hb+0p0000__lb-0p250
[sweep] run M0_start202__hb+0p0000__lb+0p000
[sweep] done M0_start202__hb+0p0000__lb+0p000
[sweep] run M0_start202__hb+0p0000__lb+0p250
[sweep] done M0_start202__hb+0p0000__lb+0p250
[sweep] run M0_start202__hb+0p0030__lb-0p250
[sweep] done M0_start202__hb+0p0030__lb-0p250
[sweep] run M0_start202__hb+0p0030__lb+0p000
[sweep] done M0_start202__hb+0p0030__lb+0p000
[sweep] run M0_start202__hb+0p0030__lb+0p250
[sweep] done M0_start202__hb+0p0030__lb+0p250
[sweep] run M0_start303__hb-0p0030__lb-0p250
[sweep] done M0_start303__hb-0p0030__lb-0p250
[sweep] run M0_start303__hb-0p0030__lb+0p000
[sweep] done M0_start303__hb-0p0030__lb+0p000
[sweep] run M0_start303__hb-0p0030__lb+0p250
[sweep] done M0_start303__hb-0p0030__lb+0p250
[sweep] run M0_start303__hb+0p0000__lb-0p250
[sweep] done M0_start303__hb+0p0000__lb-0p250
[sweep] run M0_start303__hb+0p0000__lb+0p000
[sweep] done M0_start303__hb+0p0000__lb+0p000
[sweep] run M0_start303__hb+0p0000__lb+0p250
[sweep] done M0_start303__hb+0p0000__lb+0p250
[sweep] run M0_start303__hb+0p0030__lb-0p250
[sweep] done M0_start303__hb+0p0030__lb-0p250
[sweep] run M0_start303__hb+0p0030__lb+0p000
[sweep] done M0_start303__hb+0p0030__lb+0p000
[sweep] run M0_start303__hb+0p0030__lb+0p250
[sweep] done M0_start303__hb+0p0030__lb+0p250
[sweep] run M0_start404__hb-0p0030__lb-0p250
[sweep] done M0_start404__hb-0p0030__lb-0p250
[sweep] run M0_start404__hb-0p0030__lb+0p000
[sweep] done M0_start404__hb-0p0030__lb+0p000
[sweep] run M0_start404__hb-0p0030__lb+0p250
[sweep] done M0_start404__hb-0p0030__lb+0p250
[sweep] run M0_start404__hb+0p0000__lb-0p250
[sweep] done M0_start404__hb+0p0000__lb-0p250
[sweep] run M0_start404__hb+0p0000__lb+0p000
[sweep] done M0_start404__hb+0p0000__lb+0p000
[sweep] run M0_start404__hb+0p0000__lb+0p250
[sweep] done M0_start404__hb+0p0000__lb+0p250
[sweep] run M0_start404__hb+0p0030__lb-0p250
[sweep] done M0_start404__hb+0p0030__lb-0p250
[sweep] run M0_start404__hb+0p0030__lb+0p000
[sweep] done M0_start404__hb+0p0030__lb+0p000
[sweep] run M0_start404__hb+0p0030__lb+0p250
[sweep] done M0_start404__hb+0p0030__lb+0p250
[sweep] run M0_start505__hb-0p0030__lb-0p250
[sweep] done M0_start505__hb-0p0030__lb-0p250
[sweep] run M0_start505__hb-0p0030__lb+0p000
[sweep] done M0_start505__hb-0p0030__lb+0p000
[sweep] run M0_start505__hb-0p0030__lb+0p250
[sweep] done M0_start505__hb-0p0030__lb+0p250
[sweep] run M0_start505__hb+0p0000__lb-0p250
[sweep] done M0_start505__hb+0p0000__lb-0p250
[sweep] run M0_start505__hb+0p0000__lb+0p000
[sweep] done M0_start505__hb+0p0000__lb+0p000
[sweep] run M0_start505__hb+0p0000__lb+0p250
[sweep] done M0_start505__hb+0p0000__lb+0p250
[sweep] run M0_start505__hb+0p0030__lb-0p250
[sweep] done M0_start505__hb+0p0030__lb-0p250
[sweep] run M0_start505__hb+0p0030__lb+0p000
[sweep] done M0_start505__hb+0p0030__lb+0p000
[sweep] run M0_start505__hb+0p0030__lb+0p250
[sweep] done M0_start505__hb+0p0030__lb+0p250
